[1/3] Load data + v2 features (XGB Optuna)
  X: (256351, 210)

[2/3] Optuna search (30 trials, 3-fold OOF)
[I 2026-04-29 11:06:30,281] A new study created in memory with name: no-name-8154bdcd-e922-4884-9f9c-dd0cb2ab0327
/Users/admin/project_4/src/tune_optuna_xgb.py:62: Pandas4Warning: For backward compatibility, 'str' dtypes are included by select_dtypes when 'object' dtype is specified. This behavior is deprecated and will be removed in a future version. Explicitly pass 'str' to `include` to select them, or to `exclude` to remove them and silence this warning.
See https://pandas.pydata.org/docs/user_guide/migration-3-strings.html#string-migration-select-dtypes for details on how to write code that works with pandas 2 and 3.
  obj_cols = Xtr.select_dtypes(include=["object", "category"]).columns.tolist()
/Users/admin/project_4/src/tune_optuna_xgb.py:62: Pandas4Warning: For backward compatibility, 'str' dtypes are included by select_dtypes when 'object' dtype is specified. This behavior is deprecated and will be removed in a future version. Explicitly pass 'str' to `include` to select them, or to `exclude` to remove them and silence this warning.
See https://pandas.pydata.org/docs/user_guide/migration-3-strings.html#string-migration-select-dtypes for details on how to write code that works with pandas 2 and 3.
  obj_cols = Xtr.select_dtypes(include=["object", "category"]).columns.tolist()
/Users/admin/project_4/src/tune_optuna_xgb.py:62: Pandas4Warning: For backward compatibility, 'str' dtypes are included by select_dtypes when 'object' dtype is specified. This behavior is deprecated and will be removed in a future version. Explicitly pass 'str' to `include` to select them, or to `exclude` to remove them and silence this warning.
See https://pandas.pydata.org/docs/user_guide/migration-3-strings.html#string-migration-select-dtypes for details on how to write code that works with pandas 2 and 3.
  obj_cols = Xtr.select_dtypes(include=["object", "category"]).columns.tolist()
[I 2026-04-29 11:07:06,399] Trial 0 finished with value: 0.7392471946454149 and parameters: {'learning_rate': 0.031974613654705414, 'max_depth': 10, 'min_child_weight': 76, 'subsample': 0.8394633936788146, 'colsample_bytree': 0.6624074561769746, 'reg_alpha': 0.0032729742670534194, 'reg_lambda': 0.0015550191654264875, 'gamma': 0.8661761457749352}. Best is trial 0 with value: 0.7392471946454149.
/Users/admin/project_4/src/tune_optuna_xgb.py:62: Pandas4Warning: For backward compatibility, 'str' dtypes are included by select_dtypes when 'object' dtype is specified. This behavior is deprecated and will be removed in a future version. Explicitly pass 'str' to `include` to select them, or to `exclude` to remove them and silence this warning.
See https://pandas.pydata.org/docs/user_guide/migration-3-strings.html#string-migration-select-dtypes for details on how to write code that works with pandas 2 and 3.
  obj_cols = Xtr.select_dtypes(include=["object", "category"]).columns.tolist()
/Users/admin/project_4/src/tune_optuna_xgb.py:62: Pandas4Warning: For backward compatibility, 'str' dtypes are included by select_dtypes when 'object' dtype is specified. This behavior is deprecated and will be removed in a future version. Explicitly pass 'str' to `include` to select them, or to `exclude` to remove them and silence this warning.
See https://pandas.pydata.org/docs/user_guide/migration-3-strings.html#string-migration-select-dtypes for details on how to write code that works with pandas 2 and 3.
  obj_cols = Xtr.select_dtypes(include=["object", "category"]).columns.tolist()
/Users/admin/project_4/src/tune_optuna_xgb.py:62: Pandas4Warning: For backward compatibility, 'str' dtypes are included by select_dtypes when 'object' dtype is specified. This behavior is deprecated and will be removed in a future version. Explicitly pass 'str' to `include` to select them, or to `exclude` to remove them and silence this warning.
See https://pandas.pydata.org/docs/user_guide/migration-3-strings.html#string-migration-select-dtypes for details on how to write code that works with pandas 2 and 3.
  obj_cols = Xtr.select_dtypes(include=["object", "category"]).columns.tolist()
[I 2026-04-29 11:07:36,651] Trial 1 finished with value: 0.7383622252176245 and parameters: {'learning_rate': 0.042469530953180595, 'max_depth': 9, 'min_child_weight': 11, 'subsample': 0.9879639408647978, 'colsample_bytree': 0.9329770563201687, 'reg_alpha': 0.005022706182399987, 'reg_lambda': 0.003982994169892408, 'gamma': 0.18340450985343382}. Best is trial 0 with value: 0.7392471946454149.
/Users/admin/project_4/src/tune_optuna_xgb.py:62: Pandas4Warning: For backward compatibility, 'str' dtypes are included by select_dtypes when 'object' dtype is specified. This behavior is deprecated and will be removed in a future version. Explicitly pass 'str' to `include` to select them, or to `exclude` to remove them and silence this warning.
See https://pandas.pydata.org/docs/user_guide/migration-3-strings.html#string-migration-select-dtypes for details on how to write code that works with pandas 2 and 3.
  obj_cols = Xtr.select_dtypes(include=["object", "category"]).columns.tolist()
/Users/admin/project_4/src/tune_optuna_xgb.py:62: Pandas4Warning: For backward compatibility, 'str' dtypes are included by select_dtypes when 'object' dtype is specified. This behavior is deprecated and will be removed in a future version. Explicitly pass 'str' to `include` to select them, or to `exclude` to remove them and silence this warning.
See https://pandas.pydata.org/docs/user_guide/migration-3-strings.html#string-migration-select-dtypes for details on how to write code that works with pandas 2 and 3.
  obj_cols = Xtr.select_dtypes(include=["object", "category"]).columns.tolist()
/Users/admin/project_4/src/tune_optuna_xgb.py:62: Pandas4Warning: For backward compatibility, 'str' dtypes are included by select_dtypes when 'object' dtype is specified. This behavior is deprecated and will be removed in a future version. Explicitly pass 'str' to `include` to select them, or to `exclude` to remove them and silence this warning.
See https://pandas.pydata.org/docs/user_guide/migration-3-strings.html#string-migration-select-dtypes for details on how to write code that works with pandas 2 and 3.
  obj_cols = Xtr.select_dtypes(include=["object", "category"]).columns.tolist()
[I 2026-04-29 11:08:16,198] Trial 2 finished with value: 0.7396231441959644 and parameters: {'learning_rate': 0.029279150889166362, 'max_depth': 8, 'min_child_weight': 49, 'subsample': 0.7164916560792167, 'colsample_bytree': 0.8447411578889518, 'reg_alpha': 0.0028871770589042893, 'reg_lambda': 0.009212515846231667, 'gamma': 0.3663618432936917}. Best is trial 2 with value: 0.7396231441959644.
/Users/admin/project_4/src/tune_optuna_xgb.py:62: Pandas4Warning: For backward compatibility, 'str' dtypes are included by select_dtypes when 'object' dtype is specified. This behavior is deprecated and will be removed in a future version. Explicitly pass 'str' to `include` to select them, or to `exclude` to remove them and silence this warning.
See https://pandas.pydata.org/docs/user_guide/migration-3-strings.html#string-migration-select-dtypes for details on how to write code that works with pandas 2 and 3.
  obj_cols = Xtr.select_dtypes(include=["object", "category"]).columns.tolist()
/Users/admin/project_4/src/tune_optuna_xgb.py:62: Pandas4Warning: For backward compatibility, 'str' dtypes are included by select_dtypes when 'object' dtype is specified. This behavior is deprecated and will be removed in a future version. Explicitly pass 'str' to `include` to select them, or to `exclude` to remove them and silence this warning.
See https://pandas.pydata.org/docs/user_guide/migration-3-strings.html#string-migration-select-dtypes for details on how to write code that works with pandas 2 and 3.
  obj_cols = Xtr.select_dtypes(include=["object", "category"]).columns.tolist()
/Users/admin/project_4/src/tune_optuna_xgb.py:62: Pandas4Warning: For backward compatibility, 'str' dtypes are included by select_dtypes when 'object' dtype is specified. This behavior is deprecated and will be removed in a future version. Explicitly pass 'str' to `include` to select them, or to `exclude` to remove them and silence this warning.
See https://pandas.pydata.org/docs/user_guide/migration-3-strings.html#string-migration-select-dtypes for details on how to write code that works with pandas 2 and 3.
  obj_cols = Xtr.select_dtypes(include=["object", "category"]).columns.tolist()
[I 2026-04-29 11:08:50,598] Trial 3 finished with value: 0.7390075706818942 and parameters: {'learning_rate': 0.03541303103802954, 'max_depth': 9, 'min_child_weight': 28, 'subsample': 0.8056937753654446, 'colsample_bytree': 0.836965827544817, 'reg_alpha': 0.0014234237430895472, 'reg_lambda': 0.10128002032729375, 'gamma': 0.17052412368729153}. Best is trial 2 with value: 0.7396231441959644.
/Users/admin/project_4/src/tune_optuna_xgb.py:62: Pandas4Warning: For backward compatibility, 'str' dtypes are included by select_dtypes when 'object' dtype is specified. This behavior is deprecated and will be removed in a future version. Explicitly pass 'str' to `include` to select them, or to `exclude` to remove them and silence this warning.
See https://pandas.pydata.org/docs/user_guide/migration-3-strings.html#string-migration-select-dtypes for details on how to write code that works with pandas 2 and 3.
  obj_cols = Xtr.select_dtypes(include=["object", "category"]).columns.tolist()
/Users/admin/project_4/src/tune_optuna_xgb.py:62: Pandas4Warning: For backward compatibility, 'str' dtypes are included by select_dtypes when 'object' dtype is specified. This behavior is deprecated and will be removed in a future version. Explicitly pass 'str' to `include` to select them, or to `exclude` to remove them and silence this warning.
See https://pandas.pydata.org/docs/user_guide/migration-3-strings.html#string-migration-select-dtypes for details on how to write code that works with pandas 2 and 3.
  obj_cols = Xtr.select_dtypes(include=["object", "category"]).columns.tolist()
/Users/admin/project_4/src/tune_optuna_xgb.py:62: Pandas4Warning: For backward compatibility, 'str' dtypes are included by select_dtypes when 'object' dtype is specified. This behavior is deprecated and will be removed in a future version. Explicitly pass 'str' to `include` to select them, or to `exclude` to remove them and silence this warning.
See https://pandas.pydata.org/docs/user_guide/migration-3-strings.html#string-migration-select-dtypes for details on how to write code that works with pandas 2 and 3.
  obj_cols = Xtr.select_dtypes(include=["object", "category"]).columns.tolist()
[I 2026-04-29 11:09:37,523] Trial 4 finished with value: 0.7393892738912904 and parameters: {'learning_rate': 0.021698139082180892, 'max_depth': 10, 'min_child_weight': 97, 'subsample': 0.9233589392465844, 'colsample_bytree': 0.7218455076693483, 'reg_alpha': 0.002100963841506429, 'reg_lambda': 0.18141523033666787, 'gamma': 0.4401524937396013}. Best is trial 2 with value: 0.7396231441959644.
/Users/admin/project_4/src/tune_optuna_xgb.py:62: Pandas4Warning: For backward compatibility, 'str' dtypes are included by select_dtypes when 'object' dtype is specified. This behavior is deprecated and will be removed in a future version. Explicitly pass 'str' to `include` to select them, or to `exclude` to remove them and silence this warning.
See https://pandas.pydata.org/docs/user_guide/migration-3-strings.html#string-migration-select-dtypes for details on how to write code that works with pandas 2 and 3.
  obj_cols = Xtr.select_dtypes(include=["object", "category"]).columns.tolist()
/Users/admin/project_4/src/tune_optuna_xgb.py:62: Pandas4Warning: For backward compatibility, 'str' dtypes are included by select_dtypes when 'object' dtype is specified. This behavior is deprecated and will be removed in a future version. Explicitly pass 'str' to `include` to select them, or to `exclude` to remove them and silence this warning.
See https://pandas.pydata.org/docs/user_guide/migration-3-strings.html#string-migration-select-dtypes for details on how to write code that works with pandas 2 and 3.
  obj_cols = Xtr.select_dtypes(include=["object", "category"]).columns.tolist()
/Users/admin/project_4/src/tune_optuna_xgb.py:62: Pandas4Warning: For backward compatibility, 'str' dtypes are included by select_dtypes when 'object' dtype is specified. This behavior is deprecated and will be removed in a future version. Explicitly pass 'str' to `include` to select them, or to `exclude` to remove them and silence this warning.
See https://pandas.pydata.org/docs/user_guide/migration-3-strings.html#string-migration-select-dtypes for details on how to write code that works with pandas 2 and 3.
  obj_cols = Xtr.select_dtypes(include=["object", "category"]).columns.tolist()
[I 2026-04-29 11:10:25,252] Trial 5 finished with value: 0.7395537846395037 and parameters: {'learning_rate': 0.023303819050990365, 'max_depth': 7, 'min_child_weight': 13, 'subsample': 0.9637281608315128, 'colsample_bytree': 0.7035119926400067, 'reg_alpha': 0.15381756551300374, 'reg_lambda': 0.010689751565977935, 'gamma': 0.5200680211778108}. Best is trial 2 with value: 0.7396231441959644.
/Users/admin/project_4/src/tune_optuna_xgb.py:62: Pandas4Warning: For backward compatibility, 'str' dtypes are included by select_dtypes when 'object' dtype is specified. This behavior is deprecated and will be removed in a future version. Explicitly pass 'str' to `include` to select them, or to `exclude` to remove them and silence this warning.
See https://pandas.pydata.org/docs/user_guide/migration-3-strings.html#string-migration-select-dtypes for details on how to write code that works with pandas 2 and 3.
  obj_cols = Xtr.select_dtypes(include=["object", "category"]).columns.tolist()
/Users/admin/project_4/src/tune_optuna_xgb.py:62: Pandas4Warning: For backward compatibility, 'str' dtypes are included by select_dtypes when 'object' dtype is specified. This behavior is deprecated and will be removed in a future version. Explicitly pass 'str' to `include` to select them, or to `exclude` to remove them and silence this warning.
See https://pandas.pydata.org/docs/user_guide/migration-3-strings.html#string-migration-select-dtypes for details on how to write code that works with pandas 2 and 3.
  obj_cols = Xtr.select_dtypes(include=["object", "category"]).columns.tolist()
/Users/admin/project_4/src/tune_optuna_xgb.py:62: Pandas4Warning: For backward compatibility, 'str' dtypes are included by select_dtypes when 'object' dtype is specified. This behavior is deprecated and will be removed in a future version. Explicitly pass 'str' to `include` to select them, or to `exclude` to remove them and silence this warning.
See https://pandas.pydata.org/docs/user_guide/migration-3-strings.html#string-migration-select-dtypes for details on how to write code that works with pandas 2 and 3.
  obj_cols = Xtr.select_dtypes(include=["object", "category"]).columns.tolist()
[I 2026-04-29 11:11:05,552] Trial 6 finished with value: 0.7398374169415344 and parameters: {'learning_rate': 0.03967140559190183, 'max_depth': 6, 'min_child_weight': 98, 'subsample': 0.9100531293444458, 'colsample_bytree': 0.9757995766256756, 'reg_alpha': 0.8991909447343748, 'reg_lambda': 0.09412083349710851, 'gamma': 0.9218742350231168}. Best is trial 6 with value: 0.7398374169415344.
/Users/admin/project_4/src/tune_optuna_xgb.py:62: Pandas4Warning: For backward compatibility, 'str' dtypes are included by select_dtypes when 'object' dtype is specified. This behavior is deprecated and will be removed in a future version. Explicitly pass 'str' to `include` to select them, or to `exclude` to remove them and silence this warning.
See https://pandas.pydata.org/docs/user_guide/migration-3-strings.html#string-migration-select-dtypes for details on how to write code that works with pandas 2 and 3.
  obj_cols = Xtr.select_dtypes(include=["object", "category"]).columns.tolist()
/Users/admin/project_4/src/tune_optuna_xgb.py:62: Pandas4Warning: For backward compatibility, 'str' dtypes are included by select_dtypes when 'object' dtype is specified. This behavior is deprecated and will be removed in a future version. Explicitly pass 'str' to `include` to select them, or to `exclude` to remove them and silence this warning.
See https://pandas.pydata.org/docs/user_guide/migration-3-strings.html#string-migration-select-dtypes for details on how to write code that works with pandas 2 and 3.
  obj_cols = Xtr.select_dtypes(include=["object", "category"]).columns.tolist()
/Users/admin/project_4/src/tune_optuna_xgb.py:62: Pandas4Warning: For backward compatibility, 'str' dtypes are included by select_dtypes when 'object' dtype is specified. This behavior is deprecated and will be removed in a future version. Explicitly pass 'str' to `include` to select them, or to `exclude` to remove them and silence this warning.
See https://pandas.pydata.org/docs/user_guide/migration-3-strings.html#string-migration-select-dtypes for details on how to write code that works with pandas 2 and 3.
  obj_cols = Xtr.select_dtypes(include=["object", "category"]).columns.tolist()
[I 2026-04-29 11:11:58,142] Trial 7 finished with value: 0.739977589935992 and parameters: {'learning_rate': 0.02234477254534094, 'max_depth': 6, 'min_child_weight': 14, 'subsample': 0.7301321323053057, 'colsample_bytree': 0.7554709158757927, 'reg_alpha': 0.007865589790890783, 'reg_lambda': 0.5441108375656201, 'gamma': 0.3567533266935893}. Best is trial 7 with value: 0.739977589935992.
/Users/admin/project_4/src/tune_optuna_xgb.py:62: Pandas4Warning: For backward compatibility, 'str' dtypes are included by select_dtypes when 'object' dtype is specified. This behavior is deprecated and will be removed in a future version. Explicitly pass 'str' to `include` to select them, or to `exclude` to remove them and silence this warning.
See https://pandas.pydata.org/docs/user_guide/migration-3-strings.html#string-migration-select-dtypes for details on how to write code that works with pandas 2 and 3.
  obj_cols = Xtr.select_dtypes(include=["object", "category"]).columns.tolist()
/Users/admin/project_4/src/tune_optuna_xgb.py:62: Pandas4Warning: For backward compatibility, 'str' dtypes are included by select_dtypes when 'object' dtype is specified. This behavior is deprecated and will be removed in a future version. Explicitly pass 'str' to `include` to select them, or to `exclude` to remove them and silence this warning.
See https://pandas.pydata.org/docs/user_guide/migration-3-strings.html#string-migration-select-dtypes for details on how to write code that works with pandas 2 and 3.
  obj_cols = Xtr.select_dtypes(include=["object", "category"]).columns.tolist()
/Users/admin/project_4/src/tune_optuna_xgb.py:62: Pandas4Warning: For backward compatibility, 'str' dtypes are included by select_dtypes when 'object' dtype is specified. This behavior is deprecated and will be removed in a future version. Explicitly pass 'str' to `include` to select them, or to `exclude` to remove them and silence this warning.
See https://pandas.pydata.org/docs/user_guide/migration-3-strings.html#string-migration-select-dtypes for details on how to write code that works with pandas 2 and 3.
  obj_cols = Xtr.select_dtypes(include=["object", "category"]).columns.tolist()
[I 2026-04-29 11:12:37,699] Trial 8 finished with value: 0.7394865721721833 and parameters: {'learning_rate': 0.028436587942999154, 'max_depth': 8, 'min_child_weight': 22, 'subsample': 0.9208787923016158, 'colsample_bytree': 0.6298202574719083, 'reg_alpha': 1.8102701073330134, 'reg_lambda': 0.3541629671265132, 'gamma': 0.1987156815341724}. Best is trial 7 with value: 0.739977589935992.
/Users/admin/project_4/src/tune_optuna_xgb.py:62: Pandas4Warning: For backward compatibility, 'str' dtypes are included by select_dtypes when 'object' dtype is specified. This behavior is deprecated and will be removed in a future version. Explicitly pass 'str' to `include` to select them, or to `exclude` to remove them and silence this warning.
See https://pandas.pydata.org/docs/user_guide/migration-3-strings.html#string-migration-select-dtypes for details on how to write code that works with pandas 2 and 3.
  obj_cols = Xtr.select_dtypes(include=["object", "category"]).columns.tolist()
/Users/admin/project_4/src/tune_optuna_xgb.py:62: Pandas4Warning: For backward compatibility, 'str' dtypes are included by select_dtypes when 'object' dtype is specified. This behavior is deprecated and will be removed in a future version. Explicitly pass 'str' to `include` to select them, or to `exclude` to remove them and silence this warning.
See https://pandas.pydata.org/docs/user_guide/migration-3-strings.html#string-migration-select-dtypes for details on how to write code that works with pandas 2 and 3.
  obj_cols = Xtr.select_dtypes(include=["object", "category"]).columns.tolist()
/Users/admin/project_4/src/tune_optuna_xgb.py:62: Pandas4Warning: For backward compatibility, 'str' dtypes are included by select_dtypes when 'object' dtype is specified. This behavior is deprecated and will be removed in a future version. Explicitly pass 'str' to `include` to select them, or to `exclude` to remove them and silence this warning.
See https://pandas.pydata.org/docs/user_guide/migration-3-strings.html#string-migration-select-dtypes for details on how to write code that works with pandas 2 and 3.
  obj_cols = Xtr.select_dtypes(include=["object", "category"]).columns.tolist()
[I 2026-04-29 11:13:26,739] Trial 9 finished with value: 0.7393200033236733 and parameters: {'learning_rate': 0.02013883775622569, 'max_depth': 9, 'min_child_weight': 74, 'subsample': 0.8916028672163949, 'colsample_bytree': 0.9085081386743783, 'reg_alpha': 0.0017555920939359142, 'reg_lambda': 0.015251273957388446, 'gamma': 0.11586905952512971}. Best is trial 7 with value: 0.739977589935992.
/Users/admin/project_4/src/tune_optuna_xgb.py:62: Pandas4Warning: For backward compatibility, 'str' dtypes are included by select_dtypes when 'object' dtype is specified. This behavior is deprecated and will be removed in a future version. Explicitly pass 'str' to `include` to select them, or to `exclude` to remove them and silence this warning.
See https://pandas.pydata.org/docs/user_guide/migration-3-strings.html#string-migration-select-dtypes for details on how to write code that works with pandas 2 and 3.
  obj_cols = Xtr.select_dtypes(include=["object", "category"]).columns.tolist()
/Users/admin/project_4/src/tune_optuna_xgb.py:62: Pandas4Warning: For backward compatibility, 'str' dtypes are included by select_dtypes when 'object' dtype is specified. This behavior is deprecated and will be removed in a future version. Explicitly pass 'str' to `include` to select them, or to `exclude` to remove them and silence this warning.
See https://pandas.pydata.org/docs/user_guide/migration-3-strings.html#string-migration-select-dtypes for details on how to write code that works with pandas 2 and 3.
  obj_cols = Xtr.select_dtypes(include=["object", "category"]).columns.tolist()
/Users/admin/project_4/src/tune_optuna_xgb.py:62: Pandas4Warning: For backward compatibility, 'str' dtypes are included by select_dtypes when 'object' dtype is specified. This behavior is deprecated and will be removed in a future version. Explicitly pass 'str' to `include` to select them, or to `exclude` to remove them and silence this warning.
See https://pandas.pydata.org/docs/user_guide/migration-3-strings.html#string-migration-select-dtypes for details on how to write code that works with pandas 2 and 3.
  obj_cols = Xtr.select_dtypes(include=["object", "category"]).columns.tolist()
[I 2026-04-29 11:13:59,938] Trial 10 finished with value: 0.739815914878228 and parameters: {'learning_rate': 0.06535045067262027, 'max_depth': 5, 'min_child_weight': 43, 'subsample': 0.6071847502459278, 'colsample_bytree': 0.7681616032737589, 'reg_alpha': 0.01800356325515251, 'reg_lambda': 1.6035821770966252, 'gamma': 0.6765723797427797}. Best is trial 7 with value: 0.739977589935992.
/Users/admin/project_4/src/tune_optuna_xgb.py:62: Pandas4Warning: For backward compatibility, 'str' dtypes are included by select_dtypes when 'object' dtype is specified. This behavior is deprecated and will be removed in a future version. Explicitly pass 'str' to `include` to select them, or to `exclude` to remove them and silence this warning.
See https://pandas.pydata.org/docs/user_guide/migration-3-strings.html#string-migration-select-dtypes for details on how to write code that works with pandas 2 and 3.
  obj_cols = Xtr.select_dtypes(include=["object", "category"]).columns.tolist()
/Users/admin/project_4/src/tune_optuna_xgb.py:62: Pandas4Warning: For backward compatibility, 'str' dtypes are included by select_dtypes when 'object' dtype is specified. This behavior is deprecated and will be removed in a future version. Explicitly pass 'str' to `include` to select them, or to `exclude` to remove them and silence this warning.
See https://pandas.pydata.org/docs/user_guide/migration-3-strings.html#string-migration-select-dtypes for details on how to write code that works with pandas 2 and 3.
  obj_cols = Xtr.select_dtypes(include=["object", "category"]).columns.tolist()
/Users/admin/project_4/src/tune_optuna_xgb.py:62: Pandas4Warning: For backward compatibility, 'str' dtypes are included by select_dtypes when 'object' dtype is specified. This behavior is deprecated and will be removed in a future version. Explicitly pass 'str' to `include` to select them, or to `exclude` to remove them and silence this warning.
See https://pandas.pydata.org/docs/user_guide/migration-3-strings.html#string-migration-select-dtypes for details on how to write code that works with pandas 2 and 3.
  obj_cols = Xtr.select_dtypes(include=["object", "category"]).columns.tolist()
[I 2026-04-29 11:14:35,813] Trial 11 finished with value: 0.7398271364071194 and parameters: {'learning_rate': 0.04845034487718995, 'max_depth': 6, 'min_child_weight': 98, 'subsample': 0.7184348852751731, 'colsample_bytree': 0.9699247027885926, 'reg_alpha': 0.306399764026604, 'reg_lambda': 0.7712162655207253, 'gamma': 0.9401945061680118}. Best is trial 7 with value: 0.739977589935992.
/Users/admin/project_4/src/tune_optuna_xgb.py:62: Pandas4Warning: For backward compatibility, 'str' dtypes are included by select_dtypes when 'object' dtype is specified. This behavior is deprecated and will be removed in a future version. Explicitly pass 'str' to `include` to select them, or to `exclude` to remove them and silence this warning.
See https://pandas.pydata.org/docs/user_guide/migration-3-strings.html#string-migration-select-dtypes for details on how to write code that works with pandas 2 and 3.
  obj_cols = Xtr.select_dtypes(include=["object", "category"]).columns.tolist()
/Users/admin/project_4/src/tune_optuna_xgb.py:62: Pandas4Warning: For backward compatibility, 'str' dtypes are included by select_dtypes when 'object' dtype is specified. This behavior is deprecated and will be removed in a future version. Explicitly pass 'str' to `include` to select them, or to `exclude` to remove them and silence this warning.
See https://pandas.pydata.org/docs/user_guide/migration-3-strings.html#string-migration-select-dtypes for details on how to write code that works with pandas 2 and 3.
  obj_cols = Xtr.select_dtypes(include=["object", "category"]).columns.tolist()
/Users/admin/project_4/src/tune_optuna_xgb.py:62: Pandas4Warning: For backward compatibility, 'str' dtypes are included by select_dtypes when 'object' dtype is specified. This behavior is deprecated and will be removed in a future version. Explicitly pass 'str' to `include` to select them, or to `exclude` to remove them and silence this warning.
See https://pandas.pydata.org/docs/user_guide/migration-3-strings.html#string-migration-select-dtypes for details on how to write code that works with pandas 2 and 3.
  obj_cols = Xtr.select_dtypes(include=["object", "category"]).columns.tolist()
[I 2026-04-29 11:15:13,975] Trial 12 finished with value: 0.7398385294807693 and parameters: {'learning_rate': 0.050713413841031015, 'max_depth': 5, 'min_child_weight': 67, 'subsample': 0.7550376816255844, 'colsample_bytree': 0.7835458343977252, 'reg_alpha': 0.03915799072852559, 'reg_lambda': 0.061831573027132276, 'gamma': 0.6768180580956149}. Best is trial 7 with value: 0.739977589935992.
/Users/admin/project_4/src/tune_optuna_xgb.py:62: Pandas4Warning: For backward compatibility, 'str' dtypes are included by select_dtypes when 'object' dtype is specified. This behavior is deprecated and will be removed in a future version. Explicitly pass 'str' to `include` to select them, or to `exclude` to remove them and silence this warning.
See https://pandas.pydata.org/docs/user_guide/migration-3-strings.html#string-migration-select-dtypes for details on how to write code that works with pandas 2 and 3.
  obj_cols = Xtr.select_dtypes(include=["object", "category"]).columns.tolist()
/Users/admin/project_4/src/tune_optuna_xgb.py:62: Pandas4Warning: For backward compatibility, 'str' dtypes are included by select_dtypes when 'object' dtype is specified. This behavior is deprecated and will be removed in a future version. Explicitly pass 'str' to `include` to select them, or to `exclude` to remove them and silence this warning.
See https://pandas.pydata.org/docs/user_guide/migration-3-strings.html#string-migration-select-dtypes for details on how to write code that works with pandas 2 and 3.
  obj_cols = Xtr.select_dtypes(include=["object", "category"]).columns.tolist()
/Users/admin/project_4/src/tune_optuna_xgb.py:62: Pandas4Warning: For backward compatibility, 'str' dtypes are included by select_dtypes when 'object' dtype is specified. This behavior is deprecated and will be removed in a future version. Explicitly pass 'str' to `include` to select them, or to `exclude` to remove them and silence this warning.
See https://pandas.pydata.org/docs/user_guide/migration-3-strings.html#string-migration-select-dtypes for details on how to write code that works with pandas 2 and 3.
  obj_cols = Xtr.select_dtypes(include=["object", "category"]).columns.tolist()
[I 2026-04-29 11:15:50,968] Trial 13 finished with value: 0.7399385917765812 and parameters: {'learning_rate': 0.05656301890565194, 'max_depth': 5, 'min_child_weight': 65, 'subsample': 0.7371197153065265, 'colsample_bytree': 0.7727357599486646, 'reg_alpha': 0.027415622747759723, 'reg_lambda': 0.0359845202747368, 'gamma': 0.6692081609842245}. Best is trial 7 with value: 0.739977589935992.
/Users/admin/project_4/src/tune_optuna_xgb.py:62: Pandas4Warning: For backward compatibility, 'str' dtypes are included by select_dtypes when 'object' dtype is specified. This behavior is deprecated and will be removed in a future version. Explicitly pass 'str' to `include` to select them, or to `exclude` to remove them and silence this warning.
See https://pandas.pydata.org/docs/user_guide/migration-3-strings.html#string-migration-select-dtypes for details on how to write code that works with pandas 2 and 3.
  obj_cols = Xtr.select_dtypes(include=["object", "category"]).columns.tolist()
/Users/admin/project_4/src/tune_optuna_xgb.py:62: Pandas4Warning: For backward compatibility, 'str' dtypes are included by select_dtypes when 'object' dtype is specified. This behavior is deprecated and will be removed in a future version. Explicitly pass 'str' to `include` to select them, or to `exclude` to remove them and silence this warning.
See https://pandas.pydata.org/docs/user_guide/migration-3-strings.html#string-migration-select-dtypes for details on how to write code that works with pandas 2 and 3.
  obj_cols = Xtr.select_dtypes(include=["object", "category"]).columns.tolist()
/Users/admin/project_4/src/tune_optuna_xgb.py:62: Pandas4Warning: For backward compatibility, 'str' dtypes are included by select_dtypes when 'object' dtype is specified. This behavior is deprecated and will be removed in a future version. Explicitly pass 'str' to `include` to select them, or to `exclude` to remove them and silence this warning.
See https://pandas.pydata.org/docs/user_guide/migration-3-strings.html#string-migration-select-dtypes for details on how to write code that works with pandas 2 and 3.
  obj_cols = Xtr.select_dtypes(include=["object", "category"]).columns.tolist()
[I 2026-04-29 11:16:21,388] Trial 14 finished with value: 0.7397779819244056 and parameters: {'learning_rate': 0.06295258690599564, 'max_depth': 6, 'min_child_weight': 38, 'subsample': 0.6444973648284471, 'colsample_bytree': 0.732365136722726, 'reg_alpha': 0.011307842544909534, 'reg_lambda': 0.0335316310476304, 'gamma': 0.6526391967372354}. Best is trial 7 with value: 0.739977589935992.
/Users/admin/project_4/src/tune_optuna_xgb.py:62: Pandas4Warning: For backward compatibility, 'str' dtypes are included by select_dtypes when 'object' dtype is specified. This behavior is deprecated and will be removed in a future version. Explicitly pass 'str' to `include` to select them, or to `exclude` to remove them and silence this warning.
See https://pandas.pydata.org/docs/user_guide/migration-3-strings.html#string-migration-select-dtypes for details on how to write code that works with pandas 2 and 3.
  obj_cols = Xtr.select_dtypes(include=["object", "category"]).columns.tolist()
/Users/admin/project_4/src/tune_optuna_xgb.py:62: Pandas4Warning: For backward compatibility, 'str' dtypes are included by select_dtypes when 'object' dtype is specified. This behavior is deprecated and will be removed in a future version. Explicitly pass 'str' to `include` to select them, or to `exclude` to remove them and silence this warning.
See https://pandas.pydata.org/docs/user_guide/migration-3-strings.html#string-migration-select-dtypes for details on how to write code that works with pandas 2 and 3.
  obj_cols = Xtr.select_dtypes(include=["object", "category"]).columns.tolist()
/Users/admin/project_4/src/tune_optuna_xgb.py:62: Pandas4Warning: For backward compatibility, 'str' dtypes are included by select_dtypes when 'object' dtype is specified. This behavior is deprecated and will be removed in a future version. Explicitly pass 'str' to `include` to select them, or to `exclude` to remove them and silence this warning.
See https://pandas.pydata.org/docs/user_guide/migration-3-strings.html#string-migration-select-dtypes for details on how to write code that works with pandas 2 and 3.
  obj_cols = Xtr.select_dtypes(include=["object", "category"]).columns.tolist()
[I 2026-04-29 11:16:56,851] Trial 15 finished with value: 0.7399831949227151 and parameters: {'learning_rate': 0.05370001423136877, 'max_depth': 5, 'min_child_weight': 60, 'subsample': 0.6755671833905018, 'colsample_bytree': 0.8632229699655527, 'reg_alpha': 0.07096545787933752, 'reg_lambda': 0.3950774119346147, 'gamma': 0.008558539994913072}. Best is trial 15 with value: 0.7399831949227151.
/Users/admin/project_4/src/tune_optuna_xgb.py:62: Pandas4Warning: For backward compatibility, 'str' dtypes are included by select_dtypes when 'object' dtype is specified. This behavior is deprecated and will be removed in a future version. Explicitly pass 'str' to `include` to select them, or to `exclude` to remove them and silence this warning.
See https://pandas.pydata.org/docs/user_guide/migration-3-strings.html#string-migration-select-dtypes for details on how to write code that works with pandas 2 and 3.
  obj_cols = Xtr.select_dtypes(include=["object", "category"]).columns.tolist()
/Users/admin/project_4/src/tune_optuna_xgb.py:62: Pandas4Warning: For backward compatibility, 'str' dtypes are included by select_dtypes when 'object' dtype is specified. This behavior is deprecated and will be removed in a future version. Explicitly pass 'str' to `include` to select them, or to `exclude` to remove them and silence this warning.
See https://pandas.pydata.org/docs/user_guide/migration-3-strings.html#string-migration-select-dtypes for details on how to write code that works with pandas 2 and 3.
  obj_cols = Xtr.select_dtypes(include=["object", "category"]).columns.tolist()
/Users/admin/project_4/src/tune_optuna_xgb.py:62: Pandas4Warning: For backward compatibility, 'str' dtypes are included by select_dtypes when 'object' dtype is specified. This behavior is deprecated and will be removed in a future version. Explicitly pass 'str' to `include` to select them, or to `exclude` to remove them and silence this warning.
See https://pandas.pydata.org/docs/user_guide/migration-3-strings.html#string-migration-select-dtypes for details on how to write code that works with pandas 2 and 3.
  obj_cols = Xtr.select_dtypes(include=["object", "category"]).columns.tolist()
[I 2026-04-29 11:17:42,755] Trial 16 finished with value: 0.7397966640221993 and parameters: {'learning_rate': 0.0262196093419199, 'max_depth': 7, 'min_child_weight': 58, 'subsample': 0.6716886338824195, 'colsample_bytree': 0.8682180570419546, 'reg_alpha': 0.11138896325666732, 'reg_lambda': 0.48719805514186904, 'gamma': 0.01722673288771065}. Best is trial 15 with value: 0.7399831949227151.
/Users/admin/project_4/src/tune_optuna_xgb.py:62: Pandas4Warning: For backward compatibility, 'str' dtypes are included by select_dtypes when 'object' dtype is specified. This behavior is deprecated and will be removed in a future version. Explicitly pass 'str' to `include` to select them, or to `exclude` to remove them and silence this warning.
See https://pandas.pydata.org/docs/user_guide/migration-3-strings.html#string-migration-select-dtypes for details on how to write code that works with pandas 2 and 3.
  obj_cols = Xtr.select_dtypes(include=["object", "category"]).columns.tolist()
/Users/admin/project_4/src/tune_optuna_xgb.py:62: Pandas4Warning: For backward compatibility, 'str' dtypes are included by select_dtypes when 'object' dtype is specified. This behavior is deprecated and will be removed in a future version. Explicitly pass 'str' to `include` to select them, or to `exclude` to remove them and silence this warning.
See https://pandas.pydata.org/docs/user_guide/migration-3-strings.html#string-migration-select-dtypes for details on how to write code that works with pandas 2 and 3.
  obj_cols = Xtr.select_dtypes(include=["object", "category"]).columns.tolist()
/Users/admin/project_4/src/tune_optuna_xgb.py:62: Pandas4Warning: For backward compatibility, 'str' dtypes are included by select_dtypes when 'object' dtype is specified. This behavior is deprecated and will be removed in a future version. Explicitly pass 'str' to `include` to select them, or to `exclude` to remove them and silence this warning.
See https://pandas.pydata.org/docs/user_guide/migration-3-strings.html#string-migration-select-dtypes for details on how to write code that works with pandas 2 and 3.
  obj_cols = Xtr.select_dtypes(include=["object", "category"]).columns.tolist()
[I 2026-04-29 11:18:17,854] Trial 17 finished with value: 0.7397799288779943 and parameters: {'learning_rate': 0.04478749633793275, 'max_depth': 6, 'min_child_weight': 33, 'subsample': 0.6732132011401761, 'colsample_bytree': 0.8887781922242812, 'reg_alpha': 0.008490962289571795, 'reg_lambda': 1.0093902134142085, 'gamma': 0.3101013428557408}. Best is trial 15 with value: 0.7399831949227151.
/Users/admin/project_4/src/tune_optuna_xgb.py:62: Pandas4Warning: For backward compatibility, 'str' dtypes are included by select_dtypes when 'object' dtype is specified. This behavior is deprecated and will be removed in a future version. Explicitly pass 'str' to `include` to select them, or to `exclude` to remove them and silence this warning.
See https://pandas.pydata.org/docs/user_guide/migration-3-strings.html#string-migration-select-dtypes for details on how to write code that works with pandas 2 and 3.
  obj_cols = Xtr.select_dtypes(include=["object", "category"]).columns.tolist()
/Users/admin/project_4/src/tune_optuna_xgb.py:62: Pandas4Warning: For backward compatibility, 'str' dtypes are included by select_dtypes when 'object' dtype is specified. This behavior is deprecated and will be removed in a future version. Explicitly pass 'str' to `include` to select them, or to `exclude` to remove them and silence this warning.
See https://pandas.pydata.org/docs/user_guide/migration-3-strings.html#string-migration-select-dtypes for details on how to write code that works with pandas 2 and 3.
  obj_cols = Xtr.select_dtypes(include=["object", "category"]).columns.tolist()
/Users/admin/project_4/src/tune_optuna_xgb.py:62: Pandas4Warning: For backward compatibility, 'str' dtypes are included by select_dtypes when 'object' dtype is specified. This behavior is deprecated and will be removed in a future version. Explicitly pass 'str' to `include` to select them, or to `exclude` to remove them and silence this warning.
See https://pandas.pydata.org/docs/user_guide/migration-3-strings.html#string-migration-select-dtypes for details on how to write code that works with pandas 2 and 3.
  obj_cols = Xtr.select_dtypes(include=["object", "category"]).columns.tolist()
[I 2026-04-29 11:19:06,934] Trial 18 finished with value: 0.739993821485145 and parameters: {'learning_rate': 0.0345768315883634, 'max_depth': 5, 'min_child_weight': 82, 'subsample': 0.7882388631392692, 'colsample_bytree': 0.8160380080454376, 'reg_alpha': 0.11216718224103317, 'reg_lambda': 1.9899912841476488, 'gamma': 0.0236404158278905}. Best is trial 18 with value: 0.739993821485145.
/Users/admin/project_4/src/tune_optuna_xgb.py:62: Pandas4Warning: For backward compatibility, 'str' dtypes are included by select_dtypes when 'object' dtype is specified. This behavior is deprecated and will be removed in a future version. Explicitly pass 'str' to `include` to select them, or to `exclude` to remove them and silence this warning.
See https://pandas.pydata.org/docs/user_guide/migration-3-strings.html#string-migration-select-dtypes for details on how to write code that works with pandas 2 and 3.
  obj_cols = Xtr.select_dtypes(include=["object", "category"]).columns.tolist()
/Users/admin/project_4/src/tune_optuna_xgb.py:62: Pandas4Warning: For backward compatibility, 'str' dtypes are included by select_dtypes when 'object' dtype is specified. This behavior is deprecated and will be removed in a future version. Explicitly pass 'str' to `include` to select them, or to `exclude` to remove them and silence this warning.
See https://pandas.pydata.org/docs/user_guide/migration-3-strings.html#string-migration-select-dtypes for details on how to write code that works with pandas 2 and 3.
  obj_cols = Xtr.select_dtypes(include=["object", "category"]).columns.tolist()
/Users/admin/project_4/src/tune_optuna_xgb.py:62: Pandas4Warning: For backward compatibility, 'str' dtypes are included by select_dtypes when 'object' dtype is specified. This behavior is deprecated and will be removed in a future version. Explicitly pass 'str' to `include` to select them, or to `exclude` to remove them and silence this warning.
See https://pandas.pydata.org/docs/user_guide/migration-3-strings.html#string-migration-select-dtypes for details on how to write code that works with pandas 2 and 3.
  obj_cols = Xtr.select_dtypes(include=["object", "category"]).columns.tolist()
[I 2026-04-29 11:19:56,275] Trial 19 finished with value: 0.7400483745052301 and parameters: {'learning_rate': 0.034118630653851664, 'max_depth': 5, 'min_child_weight': 83, 'subsample': 0.7890678454560018, 'colsample_bytree': 0.8159745318721936, 'reg_alpha': 0.08966388967922832, 'reg_lambda': 1.7993523262317068, 'gamma': 0.06784096496904651}. Best is trial 19 with value: 0.7400483745052301.
/Users/admin/project_4/src/tune_optuna_xgb.py:62: Pandas4Warning: For backward compatibility, 'str' dtypes are included by select_dtypes when 'object' dtype is specified. This behavior is deprecated and will be removed in a future version. Explicitly pass 'str' to `include` to select them, or to `exclude` to remove them and silence this warning.
See https://pandas.pydata.org/docs/user_guide/migration-3-strings.html#string-migration-select-dtypes for details on how to write code that works with pandas 2 and 3.
  obj_cols = Xtr.select_dtypes(include=["object", "category"]).columns.tolist()
/Users/admin/project_4/src/tune_optuna_xgb.py:62: Pandas4Warning: For backward compatibility, 'str' dtypes are included by select_dtypes when 'object' dtype is specified. This behavior is deprecated and will be removed in a future version. Explicitly pass 'str' to `include` to select them, or to `exclude` to remove them and silence this warning.
See https://pandas.pydata.org/docs/user_guide/migration-3-strings.html#string-migration-select-dtypes for details on how to write code that works with pandas 2 and 3.
  obj_cols = Xtr.select_dtypes(include=["object", "category"]).columns.tolist()
/Users/admin/project_4/src/tune_optuna_xgb.py:62: Pandas4Warning: For backward compatibility, 'str' dtypes are included by select_dtypes when 'object' dtype is specified. This behavior is deprecated and will be removed in a future version. Explicitly pass 'str' to `include` to select them, or to `exclude` to remove them and silence this warning.
See https://pandas.pydata.org/docs/user_guide/migration-3-strings.html#string-migration-select-dtypes for details on how to write code that works with pandas 2 and 3.
  obj_cols = Xtr.select_dtypes(include=["object", "category"]).columns.tolist()
[I 2026-04-29 11:20:37,063] Trial 20 finished with value: 0.7397360914488919 and parameters: {'learning_rate': 0.03462844304755538, 'max_depth': 7, 'min_child_weight': 85, 'subsample': 0.8397544539523791, 'colsample_bytree': 0.8289586910537652, 'reg_alpha': 0.32998722043953627, 'reg_lambda': 1.9789622595792697, 'gamma': 0.08567079788192145}. Best is trial 19 with value: 0.7400483745052301.
/Users/admin/project_4/src/tune_optuna_xgb.py:62: Pandas4Warning: For backward compatibility, 'str' dtypes are included by select_dtypes when 'object' dtype is specified. This behavior is deprecated and will be removed in a future version. Explicitly pass 'str' to `include` to select them, or to `exclude` to remove them and silence this warning.
See https://pandas.pydata.org/docs/user_guide/migration-3-strings.html#string-migration-select-dtypes for details on how to write code that works with pandas 2 and 3.
  obj_cols = Xtr.select_dtypes(include=["object", "category"]).columns.tolist()
/Users/admin/project_4/src/tune_optuna_xgb.py:62: Pandas4Warning: For backward compatibility, 'str' dtypes are included by select_dtypes when 'object' dtype is specified. This behavior is deprecated and will be removed in a future version. Explicitly pass 'str' to `include` to select them, or to `exclude` to remove them and silence this warning.
See https://pandas.pydata.org/docs/user_guide/migration-3-strings.html#string-migration-select-dtypes for details on how to write code that works with pandas 2 and 3.
  obj_cols = Xtr.select_dtypes(include=["object", "category"]).columns.tolist()
/Users/admin/project_4/src/tune_optuna_xgb.py:62: Pandas4Warning: For backward compatibility, 'str' dtypes are included by select_dtypes when 'object' dtype is specified. This behavior is deprecated and will be removed in a future version. Explicitly pass 'str' to `include` to select them, or to `exclude` to remove them and silence this warning.
See https://pandas.pydata.org/docs/user_guide/migration-3-strings.html#string-migration-select-dtypes for details on how to write code that works with pandas 2 and 3.
  obj_cols = Xtr.select_dtypes(include=["object", "category"]).columns.tolist()
[I 2026-04-29 11:21:24,231] Trial 21 finished with value: 0.7400524185140709 and parameters: {'learning_rate': 0.038139686357391955, 'max_depth': 5, 'min_child_weight': 84, 'subsample': 0.7875067490506915, 'colsample_bytree': 0.8075301549946484, 'reg_alpha': 0.07858870143079047, 'reg_lambda': 0.23588077371848035, 'gamma': 0.03395505654121775}. Best is trial 21 with value: 0.7400524185140709.
/Users/admin/project_4/src/tune_optuna_xgb.py:62: Pandas4Warning: For backward compatibility, 'str' dtypes are included by select_dtypes when 'object' dtype is specified. This behavior is deprecated and will be removed in a future version. Explicitly pass 'str' to `include` to select them, or to `exclude` to remove them and silence this warning.
See https://pandas.pydata.org/docs/user_guide/migration-3-strings.html#string-migration-select-dtypes for details on how to write code that works with pandas 2 and 3.
  obj_cols = Xtr.select_dtypes(include=["object", "category"]).columns.tolist()
/Users/admin/project_4/src/tune_optuna_xgb.py:62: Pandas4Warning: For backward compatibility, 'str' dtypes are included by select_dtypes when 'object' dtype is specified. This behavior is deprecated and will be removed in a future version. Explicitly pass 'str' to `include` to select them, or to `exclude` to remove them and silence this warning.
See https://pandas.pydata.org/docs/user_guide/migration-3-strings.html#string-migration-select-dtypes for details on how to write code that works with pandas 2 and 3.
  obj_cols = Xtr.select_dtypes(include=["object", "category"]).columns.tolist()
/Users/admin/project_4/src/tune_optuna_xgb.py:62: Pandas4Warning: For backward compatibility, 'str' dtypes are included by select_dtypes when 'object' dtype is specified. This behavior is deprecated and will be removed in a future version. Explicitly pass 'str' to `include` to select them, or to `exclude` to remove them and silence this warning.
See https://pandas.pydata.org/docs/user_guide/migration-3-strings.html#string-migration-select-dtypes for details on how to write code that works with pandas 2 and 3.
  obj_cols = Xtr.select_dtypes(include=["object", "category"]).columns.tolist()
[I 2026-04-29 11:22:09,987] Trial 22 finished with value: 0.7399811140689123 and parameters: {'learning_rate': 0.038488249199701584, 'max_depth': 5, 'min_child_weight': 84, 'subsample': 0.7866740941833589, 'colsample_bytree': 0.8078589460917822, 'reg_alpha': 0.18430702852167063, 'reg_lambda': 0.18943627554542172, 'gamma': 0.2527804213629478}. Best is trial 21 with value: 0.7400524185140709.
/Users/admin/project_4/src/tune_optuna_xgb.py:62: Pandas4Warning: For backward compatibility, 'str' dtypes are included by select_dtypes when 'object' dtype is specified. This behavior is deprecated and will be removed in a future version. Explicitly pass 'str' to `include` to select them, or to `exclude` to remove them and silence this warning.
See https://pandas.pydata.org/docs/user_guide/migration-3-strings.html#string-migration-select-dtypes for details on how to write code that works with pandas 2 and 3.
  obj_cols = Xtr.select_dtypes(include=["object", "category"]).columns.tolist()
/Users/admin/project_4/src/tune_optuna_xgb.py:62: Pandas4Warning: For backward compatibility, 'str' dtypes are included by select_dtypes when 'object' dtype is specified. This behavior is deprecated and will be removed in a future version. Explicitly pass 'str' to `include` to select them, or to `exclude` to remove them and silence this warning.
See https://pandas.pydata.org/docs/user_guide/migration-3-strings.html#string-migration-select-dtypes for details on how to write code that works with pandas 2 and 3.
  obj_cols = Xtr.select_dtypes(include=["object", "category"]).columns.tolist()
/Users/admin/project_4/src/tune_optuna_xgb.py:62: Pandas4Warning: For backward compatibility, 'str' dtypes are included by select_dtypes when 'object' dtype is specified. This behavior is deprecated and will be removed in a future version. Explicitly pass 'str' to `include` to select them, or to `exclude` to remove them and silence this warning.
See https://pandas.pydata.org/docs/user_guide/migration-3-strings.html#string-migration-select-dtypes for details on how to write code that works with pandas 2 and 3.
  obj_cols = Xtr.select_dtypes(include=["object", "category"]).columns.tolist()
[I 2026-04-29 11:22:58,937] Trial 23 finished with value: 0.740024891338221 and parameters: {'learning_rate': 0.032931971139165246, 'max_depth': 5, 'min_child_weight': 87, 'subsample': 0.7879259337101082, 'colsample_bytree': 0.8102246766276487, 'reg_alpha': 0.055963808615890384, 'reg_lambda': 1.0133937549295151, 'gamma': 0.06493138779228967}. Best is trial 21 with value: 0.7400524185140709.
/Users/admin/project_4/src/tune_optuna_xgb.py:62: Pandas4Warning: For backward compatibility, 'str' dtypes are included by select_dtypes when 'object' dtype is specified. This behavior is deprecated and will be removed in a future version. Explicitly pass 'str' to `include` to select them, or to `exclude` to remove them and silence this warning.
See https://pandas.pydata.org/docs/user_guide/migration-3-strings.html#string-migration-select-dtypes for details on how to write code that works with pandas 2 and 3.
  obj_cols = Xtr.select_dtypes(include=["object", "category"]).columns.tolist()
/Users/admin/project_4/src/tune_optuna_xgb.py:62: Pandas4Warning: For backward compatibility, 'str' dtypes are included by select_dtypes when 'object' dtype is specified. This behavior is deprecated and will be removed in a future version. Explicitly pass 'str' to `include` to select them, or to `exclude` to remove them and silence this warning.
See https://pandas.pydata.org/docs/user_guide/migration-3-strings.html#string-migration-select-dtypes for details on how to write code that works with pandas 2 and 3.
  obj_cols = Xtr.select_dtypes(include=["object", "category"]).columns.tolist()
/Users/admin/project_4/src/tune_optuna_xgb.py:62: Pandas4Warning: For backward compatibility, 'str' dtypes are included by select_dtypes when 'object' dtype is specified. This behavior is deprecated and will be removed in a future version. Explicitly pass 'str' to `include` to select them, or to `exclude` to remove them and silence this warning.
See https://pandas.pydata.org/docs/user_guide/migration-3-strings.html#string-migration-select-dtypes for details on how to write code that works with pandas 2 and 3.
  obj_cols = Xtr.select_dtypes(include=["object", "category"]).columns.tolist()
[I 2026-04-29 11:23:44,296] Trial 24 finished with value: 0.7399751012265843 and parameters: {'learning_rate': 0.03114822725574261, 'max_depth': 6, 'min_child_weight': 90, 'subsample': 0.8485161614734078, 'colsample_bytree': 0.6783627897403106, 'reg_alpha': 0.04914854447793966, 'reg_lambda': 0.21880940897471926, 'gamma': 0.11091945841394932}. Best is trial 21 with value: 0.7400524185140709.
/Users/admin/project_4/src/tune_optuna_xgb.py:62: Pandas4Warning: For backward compatibility, 'str' dtypes are included by select_dtypes when 'object' dtype is specified. This behavior is deprecated and will be removed in a future version. Explicitly pass 'str' to `include` to select them, or to `exclude` to remove them and silence this warning.
See https://pandas.pydata.org/docs/user_guide/migration-3-strings.html#string-migration-select-dtypes for details on how to write code that works with pandas 2 and 3.
  obj_cols = Xtr.select_dtypes(include=["object", "category"]).columns.tolist()
/Users/admin/project_4/src/tune_optuna_xgb.py:62: Pandas4Warning: For backward compatibility, 'str' dtypes are included by select_dtypes when 'object' dtype is specified. This behavior is deprecated and will be removed in a future version. Explicitly pass 'str' to `include` to select them, or to `exclude` to remove them and silence this warning.
See https://pandas.pydata.org/docs/user_guide/migration-3-strings.html#string-migration-select-dtypes for details on how to write code that works with pandas 2 and 3.
  obj_cols = Xtr.select_dtypes(include=["object", "category"]).columns.tolist()
/Users/admin/project_4/src/tune_optuna_xgb.py:62: Pandas4Warning: For backward compatibility, 'str' dtypes are included by select_dtypes when 'object' dtype is specified. This behavior is deprecated and will be removed in a future version. Explicitly pass 'str' to `include` to select them, or to `exclude` to remove them and silence this warning.
See https://pandas.pydata.org/docs/user_guide/migration-3-strings.html#string-migration-select-dtypes for details on how to write code that works with pandas 2 and 3.
  obj_cols = Xtr.select_dtypes(include=["object", "category"]).columns.tolist()
[I 2026-04-29 11:24:43,046] Trial 25 finished with value: 0.7400630624295238 and parameters: {'learning_rate': 0.025250437590382042, 'max_depth': 5, 'min_child_weight': 75, 'subsample': 0.7659271582233903, 'colsample_bytree': 0.7996037522585402, 'reg_alpha': 0.30155382799902186, 'reg_lambda': 1.1054754050726803, 'gamma': 0.27694592828427284}. Best is trial 25 with value: 0.7400630624295238.
/Users/admin/project_4/src/tune_optuna_xgb.py:62: Pandas4Warning: For backward compatibility, 'str' dtypes are included by select_dtypes when 'object' dtype is specified. This behavior is deprecated and will be removed in a future version. Explicitly pass 'str' to `include` to select them, or to `exclude` to remove them and silence this warning.
See https://pandas.pydata.org/docs/user_guide/migration-3-strings.html#string-migration-select-dtypes for details on how to write code that works with pandas 2 and 3.
  obj_cols = Xtr.select_dtypes(include=["object", "category"]).columns.tolist()
/Users/admin/project_4/src/tune_optuna_xgb.py:62: Pandas4Warning: For backward compatibility, 'str' dtypes are included by select_dtypes when 'object' dtype is specified. This behavior is deprecated and will be removed in a future version. Explicitly pass 'str' to `include` to select them, or to `exclude` to remove them and silence this warning.
See https://pandas.pydata.org/docs/user_guide/migration-3-strings.html#string-migration-select-dtypes for details on how to write code that works with pandas 2 and 3.
  obj_cols = Xtr.select_dtypes(include=["object", "category"]).columns.tolist()
/Users/admin/project_4/src/tune_optuna_xgb.py:62: Pandas4Warning: For backward compatibility, 'str' dtypes are included by select_dtypes when 'object' dtype is specified. This behavior is deprecated and will be removed in a future version. Explicitly pass 'str' to `include` to select them, or to `exclude` to remove them and silence this warning.
See https://pandas.pydata.org/docs/user_guide/migration-3-strings.html#string-migration-select-dtypes for details on how to write code that works with pandas 2 and 3.
  obj_cols = Xtr.select_dtypes(include=["object", "category"]).columns.tolist()
[I 2026-04-29 11:25:29,345] Trial 26 finished with value: 0.7400298413575264 and parameters: {'learning_rate': 0.025709356925766595, 'max_depth': 6, 'min_child_weight': 74, 'subsample': 0.7597086328192104, 'colsample_bytree': 0.7456168508599808, 'reg_alpha': 0.7067671556606054, 'reg_lambda': 0.9680209018888096, 'gamma': 0.26576922592140445}. Best is trial 25 with value: 0.7400630624295238.
/Users/admin/project_4/src/tune_optuna_xgb.py:62: Pandas4Warning: For backward compatibility, 'str' dtypes are included by select_dtypes when 'object' dtype is specified. This behavior is deprecated and will be removed in a future version. Explicitly pass 'str' to `include` to select them, or to `exclude` to remove them and silence this warning.
See https://pandas.pydata.org/docs/user_guide/migration-3-strings.html#string-migration-select-dtypes for details on how to write code that works with pandas 2 and 3.
  obj_cols = Xtr.select_dtypes(include=["object", "category"]).columns.tolist()
/Users/admin/project_4/src/tune_optuna_xgb.py:62: Pandas4Warning: For backward compatibility, 'str' dtypes are included by select_dtypes when 'object' dtype is specified. This behavior is deprecated and will be removed in a future version. Explicitly pass 'str' to `include` to select them, or to `exclude` to remove them and silence this warning.
See https://pandas.pydata.org/docs/user_guide/migration-3-strings.html#string-migration-select-dtypes for details on how to write code that works with pandas 2 and 3.
  obj_cols = Xtr.select_dtypes(include=["object", "category"]).columns.tolist()
/Users/admin/project_4/src/tune_optuna_xgb.py:62: Pandas4Warning: For backward compatibility, 'str' dtypes are included by select_dtypes when 'object' dtype is specified. This behavior is deprecated and will be removed in a future version. Explicitly pass 'str' to `include` to select them, or to `exclude` to remove them and silence this warning.
See https://pandas.pydata.org/docs/user_guide/migration-3-strings.html#string-migration-select-dtypes for details on how to write code that works with pandas 2 and 3.
  obj_cols = Xtr.select_dtypes(include=["object", "category"]).columns.tolist()
[I 2026-04-29 11:26:20,706] Trial 27 finished with value: 0.7400492434270826 and parameters: {'learning_rate': 0.026068428369348542, 'max_depth': 5, 'min_child_weight': 68, 'subsample': 0.8225352021936202, 'colsample_bytree': 0.7912108321984976, 'reg_alpha': 0.33800615577461535, 'reg_lambda': 0.3008007187297949, 'gamma': 0.4818247454872948}. Best is trial 25 with value: 0.7400630624295238.
/Users/admin/project_4/src/tune_optuna_xgb.py:62: Pandas4Warning: For backward compatibility, 'str' dtypes are included by select_dtypes when 'object' dtype is specified. This behavior is deprecated and will be removed in a future version. Explicitly pass 'str' to `include` to select them, or to `exclude` to remove them and silence this warning.
See https://pandas.pydata.org/docs/user_guide/migration-3-strings.html#string-migration-select-dtypes for details on how to write code that works with pandas 2 and 3.
  obj_cols = Xtr.select_dtypes(include=["object", "category"]).columns.tolist()
/Users/admin/project_4/src/tune_optuna_xgb.py:62: Pandas4Warning: For backward compatibility, 'str' dtypes are included by select_dtypes when 'object' dtype is specified. This behavior is deprecated and will be removed in a future version. Explicitly pass 'str' to `include` to select them, or to `exclude` to remove them and silence this warning.
See https://pandas.pydata.org/docs/user_guide/migration-3-strings.html#string-migration-select-dtypes for details on how to write code that works with pandas 2 and 3.
  obj_cols = Xtr.select_dtypes(include=["object", "category"]).columns.tolist()
/Users/admin/project_4/src/tune_optuna_xgb.py:62: Pandas4Warning: For backward compatibility, 'str' dtypes are included by select_dtypes when 'object' dtype is specified. This behavior is deprecated and will be removed in a future version. Explicitly pass 'str' to `include` to select them, or to `exclude` to remove them and silence this warning.
See https://pandas.pydata.org/docs/user_guide/migration-3-strings.html#string-migration-select-dtypes for details on how to write code that works with pandas 2 and 3.
  obj_cols = Xtr.select_dtypes(include=["object", "category"]).columns.tolist()
[I 2026-04-29 11:26:58,489] Trial 28 finished with value: 0.7398105107021167 and parameters: {'learning_rate': 0.026668935589522064, 'max_depth': 7, 'min_child_weight': 67, 'subsample': 0.8800260007850984, 'colsample_bytree': 0.7883033554030623, 'reg_alpha': 0.3659450823345916, 'reg_lambda': 0.14293073561784037, 'gamma': 0.5370411147960115}. Best is trial 25 with value: 0.7400630624295238.
/Users/admin/project_4/src/tune_optuna_xgb.py:62: Pandas4Warning: For backward compatibility, 'str' dtypes are included by select_dtypes when 'object' dtype is specified. This behavior is deprecated and will be removed in a future version. Explicitly pass 'str' to `include` to select them, or to `exclude` to remove them and silence this warning.
See https://pandas.pydata.org/docs/user_guide/migration-3-strings.html#string-migration-select-dtypes for details on how to write code that works with pandas 2 and 3.
  obj_cols = Xtr.select_dtypes(include=["object", "category"]).columns.tolist()
/Users/admin/project_4/src/tune_optuna_xgb.py:62: Pandas4Warning: For backward compatibility, 'str' dtypes are included by select_dtypes when 'object' dtype is specified. This behavior is deprecated and will be removed in a future version. Explicitly pass 'str' to `include` to select them, or to `exclude` to remove them and silence this warning.
See https://pandas.pydata.org/docs/user_guide/migration-3-strings.html#string-migration-select-dtypes for details on how to write code that works with pandas 2 and 3.
  obj_cols = Xtr.select_dtypes(include=["object", "category"]).columns.tolist()
/Users/admin/project_4/src/tune_optuna_xgb.py:62: Pandas4Warning: For backward compatibility, 'str' dtypes are included by select_dtypes when 'object' dtype is specified. This behavior is deprecated and will be removed in a future version. Explicitly pass 'str' to `include` to select them, or to `exclude` to remove them and silence this warning.
See https://pandas.pydata.org/docs/user_guide/migration-3-strings.html#string-migration-select-dtypes for details on how to write code that works with pandas 2 and 3.
  obj_cols = Xtr.select_dtypes(include=["object", "category"]).columns.tolist()
[I 2026-04-29 11:27:53,578] Trial 29 finished with value: 0.7400196363504563 and parameters: {'learning_rate': 0.024028220654423536, 'max_depth': 5, 'min_child_weight': 51, 'subsample': 0.8653950340388286, 'colsample_bytree': 0.692291307027862, 'reg_alpha': 0.6222331001122668, 'reg_lambda': 0.2705207603747197, 'gamma': 0.44188294509959725}. Best is trial 25 with value: 0.7400630624295238.

[3/3] Best: 0.74006
  Best params: {'learning_rate': 0.025250437590382042, 'max_depth': 5, 'min_child_weight': 75, 'subsample': 0.7659271582233903, 'colsample_bytree': 0.7996037522585402, 'reg_alpha': 0.30155382799902186, 'reg_lambda': 1.1054754050726803, 'gamma': 0.27694592828427284}
  Total time: 21.5 min
  Saved: models/optuna_summary_xgb.json
